[2018-07-31T16:36:15,000][INFO ][o.e.n.Node               ] [] initializing ...
[2018-07-31T16:36:15,077][INFO ][o.e.e.NodeEnvironment    ] [3syNinT] using [1] data paths, mounts [[/ (/dev/disk1s1)]], net usable_space [75.4gb], net total_space [232.6gb], spins? [unknown], types [apfs]
[2018-07-31T16:36:15,084][INFO ][o.e.e.NodeEnvironment    ] [3syNinT] heap size [1.9gb], compressed ordinary object pointers [true]
[2018-07-31T16:36:15,087][INFO ][o.e.n.Node               ] node name [3syNinT] derived from node ID [3syNinTjSU-BG1Tf7fSZPA]; set [node.name] to override
[2018-07-31T16:36:15,088][INFO ][o.e.n.Node               ] version[5.6.10], pid[17704], build[b727a60/2018-06-06T15:48:34.860Z], OS[Mac OS X/10.13.6/x86_64], JVM["Oracle Corporation"/Java HotSpot(TM) 64-Bit Server VM/10.0.2/10.0.2+13]
[2018-07-31T16:36:15,088][INFO ][o.e.n.Node               ] JVM arguments [-Xms2g, -Xmx2g, -XX:+UseConcMarkSweepGC, -XX:CMSInitiatingOccupancyFraction=75, -XX:+UseCMSInitiatingOccupancyOnly, -XX:+AlwaysPreTouch, -Xss1m, -Djava.awt.headless=true, -Dfile.encoding=UTF-8, -Djna.nosys=true, -Djdk.io.permissionsUseCanonicalPath=true, -Dio.netty.noUnsafe=true, -Dio.netty.noKeySetOptimization=true, -Dio.netty.recycler.maxCapacityPerThread=0, -Dlog4j.shutdownHookEnabled=false, -Dlog4j2.disable.jmx=true, -Dlog4j.skipJansi=true, -XX:+HeapDumpOnOutOfMemoryError, -Des.path.home=/Users/sagarthakkar/jhipsterApps/elasticsearch/elasticsearch-5.6.10]
[2018-07-31T16:36:15,689][INFO ][o.e.p.PluginsService     ] [3syNinT] loaded module [aggs-matrix-stats]
[2018-07-31T16:36:15,689][INFO ][o.e.p.PluginsService     ] [3syNinT] loaded module [ingest-common]
[2018-07-31T16:36:15,689][INFO ][o.e.p.PluginsService     ] [3syNinT] loaded module [lang-expression]
[2018-07-31T16:36:15,689][INFO ][o.e.p.PluginsService     ] [3syNinT] loaded module [lang-groovy]
[2018-07-31T16:36:15,689][INFO ][o.e.p.PluginsService     ] [3syNinT] loaded module [lang-mustache]
[2018-07-31T16:36:15,689][INFO ][o.e.p.PluginsService     ] [3syNinT] loaded module [lang-painless]
[2018-07-31T16:36:15,689][INFO ][o.e.p.PluginsService     ] [3syNinT] loaded module [parent-join]
[2018-07-31T16:36:15,690][INFO ][o.e.p.PluginsService     ] [3syNinT] loaded module [percolator]
[2018-07-31T16:36:15,690][INFO ][o.e.p.PluginsService     ] [3syNinT] loaded module [reindex]
[2018-07-31T16:36:15,690][INFO ][o.e.p.PluginsService     ] [3syNinT] loaded module [transport-netty3]
[2018-07-31T16:36:15,690][INFO ][o.e.p.PluginsService     ] [3syNinT] loaded module [transport-netty4]
[2018-07-31T16:36:15,690][INFO ][o.e.p.PluginsService     ] [3syNinT] no plugins loaded
[2018-07-31T16:36:16,850][INFO ][o.e.d.DiscoveryModule    ] [3syNinT] using discovery type [zen]
[2018-07-31T16:36:17,194][INFO ][o.e.n.Node               ] initialized
[2018-07-31T16:36:17,194][INFO ][o.e.n.Node               ] [3syNinT] starting ...
[2018-07-31T16:36:17,351][INFO ][o.e.t.TransportService   ] [3syNinT] publish_address {127.0.0.1:9300}, bound_addresses {[::1]:9300}, {127.0.0.1:9300}
[2018-07-31T16:36:20,403][INFO ][o.e.c.s.ClusterService   ] [3syNinT] new_master {3syNinT}{3syNinTjSU-BG1Tf7fSZPA}{kkhLlSxGTGC9x9Bzu8toug}{127.0.0.1}{127.0.0.1:9300}, reason: zen-disco-elected-as-master ([0] nodes joined)[, ]
[2018-07-31T16:36:20,415][INFO ][o.e.h.n.Netty4HttpServerTransport] [3syNinT] publish_address {127.0.0.1:9200}, bound_addresses {[::1]:9200}, {127.0.0.1:9200}
[2018-07-31T16:36:20,415][INFO ][o.e.n.Node               ] [3syNinT] started
[2018-07-31T16:36:20,434][INFO ][o.e.g.GatewayService     ] [3syNinT] recovered [0] indices into cluster_state
[2018-07-31T16:46:03,100][INFO ][o.e.m.j.JvmGcMonitorService] [3syNinT] [gc][584] overhead, spent [287ms] collecting in the last [1s]
[2018-07-31T17:02:04,473][INFO ][o.e.n.Node               ] [3syNinT] stopping ...
[2018-07-31T17:02:04,505][INFO ][o.e.n.Node               ] [3syNinT] stopped
[2018-07-31T17:02:04,505][INFO ][o.e.n.Node               ] [3syNinT] closing ...
[2018-07-31T17:02:04,511][INFO ][o.e.n.Node               ] [3syNinT] closed
[2018-07-31T17:03:54,178][INFO ][o.e.n.Node               ] [] initializing ...
[2018-07-31T17:03:54,288][INFO ][o.e.e.NodeEnvironment    ] [3syNinT] using [1] data paths, mounts [[/ (/dev/disk1s1)]], net usable_space [75.4gb], net total_space [232.6gb], spins? [unknown], types [apfs]
[2018-07-31T17:03:54,288][INFO ][o.e.e.NodeEnvironment    ] [3syNinT] heap size [1.9gb], compressed ordinary object pointers [true]
[2018-07-31T17:03:54,289][INFO ][o.e.n.Node               ] node name [3syNinT] derived from node ID [3syNinTjSU-BG1Tf7fSZPA]; set [node.name] to override
[2018-07-31T17:03:54,289][INFO ][o.e.n.Node               ] version[5.6.10], pid[19274], build[b727a60/2018-06-06T15:48:34.860Z], OS[Mac OS X/10.13.6/x86_64], JVM["Oracle Corporation"/Java HotSpot(TM) 64-Bit Server VM/10.0.2/10.0.2+13]
[2018-07-31T17:03:54,289][INFO ][o.e.n.Node               ] JVM arguments [-Xms2g, -Xmx2g, -XX:+UseConcMarkSweepGC, -XX:CMSInitiatingOccupancyFraction=75, -XX:+UseCMSInitiatingOccupancyOnly, -XX:+AlwaysPreTouch, -Xss1m, -Djava.awt.headless=true, -Dfile.encoding=UTF-8, -Djna.nosys=true, -Djdk.io.permissionsUseCanonicalPath=true, -Dio.netty.noUnsafe=true, -Dio.netty.noKeySetOptimization=true, -Dio.netty.recycler.maxCapacityPerThread=0, -Dlog4j.shutdownHookEnabled=false, -Dlog4j2.disable.jmx=true, -Dlog4j.skipJansi=true, -XX:+HeapDumpOnOutOfMemoryError, -Des.path.home=/Users/sagarthakkar/jhipsterApps/elasticsearch/elasticsearch]
[2018-07-31T17:03:54,881][INFO ][o.e.p.PluginsService     ] [3syNinT] loaded module [aggs-matrix-stats]
[2018-07-31T17:03:54,881][INFO ][o.e.p.PluginsService     ] [3syNinT] loaded module [ingest-common]
[2018-07-31T17:03:54,881][INFO ][o.e.p.PluginsService     ] [3syNinT] loaded module [lang-expression]
[2018-07-31T17:03:54,881][INFO ][o.e.p.PluginsService     ] [3syNinT] loaded module [lang-groovy]
[2018-07-31T17:03:54,881][INFO ][o.e.p.PluginsService     ] [3syNinT] loaded module [lang-mustache]
[2018-07-31T17:03:54,882][INFO ][o.e.p.PluginsService     ] [3syNinT] loaded module [lang-painless]
[2018-07-31T17:03:54,882][INFO ][o.e.p.PluginsService     ] [3syNinT] loaded module [parent-join]
[2018-07-31T17:03:54,882][INFO ][o.e.p.PluginsService     ] [3syNinT] loaded module [percolator]
[2018-07-31T17:03:54,882][INFO ][o.e.p.PluginsService     ] [3syNinT] loaded module [reindex]
[2018-07-31T17:03:54,882][INFO ][o.e.p.PluginsService     ] [3syNinT] loaded module [transport-netty3]
[2018-07-31T17:03:54,882][INFO ][o.e.p.PluginsService     ] [3syNinT] loaded module [transport-netty4]
[2018-07-31T17:03:54,882][INFO ][o.e.p.PluginsService     ] [3syNinT] no plugins loaded
[2018-07-31T17:03:56,053][INFO ][o.e.d.DiscoveryModule    ] [3syNinT] using discovery type [zen]
[2018-07-31T17:03:56,407][INFO ][o.e.n.Node               ] initialized
[2018-07-31T17:03:56,407][INFO ][o.e.n.Node               ] [3syNinT] starting ...
[2018-07-31T17:03:56,575][INFO ][o.e.t.TransportService   ] [3syNinT] publish_address {127.0.0.1:9300}, bound_addresses {[::1]:9300}, {127.0.0.1:9300}
[2018-07-31T17:03:59,624][INFO ][o.e.c.s.ClusterService   ] [3syNinT] new_master {3syNinT}{3syNinTjSU-BG1Tf7fSZPA}{jONVJrJUQmOzo7_lk-QaRw}{127.0.0.1}{127.0.0.1:9300}, reason: zen-disco-elected-as-master ([0] nodes joined)[, ]
[2018-07-31T17:03:59,636][INFO ][o.e.h.n.Netty4HttpServerTransport] [3syNinT] publish_address {127.0.0.1:9200}, bound_addresses {[::1]:9200}, {127.0.0.1:9200}
[2018-07-31T17:03:59,636][INFO ][o.e.n.Node               ] [3syNinT] started
[2018-07-31T17:03:59,687][INFO ][o.e.g.GatewayService     ] [3syNinT] recovered [0] indices into cluster_state
[2018-07-31T17:05:42,036][INFO ][o.e.c.m.MetaDataCreateIndexService] [3syNinT] [books] creating index, cause [api], templates [], shards [5]/[1], mappings []
[2018-07-31T17:05:42,617][INFO ][o.e.c.m.MetaDataMappingService] [3syNinT] [books/KCYwtauHRfyoOyU0xlrvAg] create_mapping [books]
[2018-07-31T17:56:34,491][INFO ][o.e.c.m.MetaDataDeleteIndexService] [3syNinT] [books/KCYwtauHRfyoOyU0xlrvAg] deleting index
[2018-07-31T17:56:43,836][INFO ][o.e.c.m.MetaDataCreateIndexService] [3syNinT] [books] creating index, cause [api], templates [], shards [5]/[1], mappings []
[2018-07-31T17:56:57,070][INFO ][o.e.c.m.MetaDataDeleteIndexService] [3syNinT] [books/ayuFPH4yQ6mjKccZTfr6Sg] deleting index
[2018-07-31T17:58:14,339][INFO ][o.e.c.m.MetaDataCreateIndexService] [3syNinT] [books] creating index, cause [api], templates [], shards [5]/[1], mappings []
[2018-07-31T19:38:56,954][INFO ][o.e.n.Node               ] [3syNinT] stopping ...
[2018-07-31T19:38:57,008][INFO ][o.e.n.Node               ] [3syNinT] stopped
[2018-07-31T19:38:57,009][INFO ][o.e.n.Node               ] [3syNinT] closing ...
[2018-07-31T19:38:57,019][INFO ][o.e.n.Node               ] [3syNinT] closed
